TN:
SF:src\types.ts
FNF:0
FNH:0
DA:3,2
LF:1
LH:1
BRF:0
BRH:0
end_of_record
TN:
SF:src\application\robot-services.ts
FN:8,(anonymous_0)
FN:10,(anonymous_1)
FN:17,(anonymous_2)
FN:33,(anonymous_3)
FNF:4
FNH:4
FNDA:1,(anonymous_0)
FNDA:1,(anonymous_1)
FNDA:1,(anonymous_2)
FNDA:5,(anonymous_3)
DA:1,1
DA:3,1
DA:5,1
DA:11,1
DA:12,1
DA:14,1
DA:25,1
DA:26,1
DA:28,1
DA:30,1
DA:32,1
DA:33,5
DA:42,1
LF:13
LH:13
BRDA:11,0,0,1
BRF:1
BRH:1
end_of_record
TN:
SF:src\domain\battery-capacity.ts
FN:2,(anonymous_0)
FN:6,(anonymous_1)
FN:10,(anonymous_2)
FN:14,(anonymous_3)
FNF:4
FNH:4
FNDA:71,(anonymous_0)
FNDA:52,(anonymous_1)
FNDA:7,(anonymous_2)
FNDA:2,(anonymous_3)
DA:1,3
DA:2,71
DA:7,52
DA:11,7
DA:15,2
LF:5
LH:5
BRF:0
BRH:0
end_of_record
TN:
SF:src\domain\direction.ts
FN:4,(anonymous_0)
FN:19,(anonymous_1)
FNF:2
FNH:2
FNDA:10,(anonymous_0)
FNDA:10,(anonymous_1)
DA:3,3
DA:5,10
DA:7,1
DA:9,3
DA:11,3
DA:13,2
DA:15,1
DA:20,10
DA:22,1
DA:24,6
DA:26,1
DA:28,1
DA:30,1
LF:13
LH:13
BRDA:5,0,0,1
BRDA:5,0,1,3
BRDA:5,0,2,3
BRDA:5,0,3,2
BRDA:5,0,4,1
BRDA:20,1,0,1
BRDA:20,1,1,6
BRDA:20,1,2,1
BRDA:20,1,3,1
BRDA:20,1,4,1
BRF:10
BRH:10
end_of_record
TN:
SF:src\domain\position.ts
FN:2,(anonymous_0)
FN:4,(anonymous_1)
FN:8,(anonymous_2)
FN:12,(anonymous_3)
FN:16,(anonymous_4)
FN:20,(anonymous_5)
FN:24,(anonymous_6)
FNF:7
FNH:7
FNDA:65,(anonymous_0)
FNDA:204,(anonymous_1)
FNDA:176,(anonymous_2)
FNDA:27,(anonymous_3)
FNDA:26,(anonymous_4)
FNDA:1,(anonymous_5)
FNDA:36,(anonymous_6)
DA:1,3
DA:2,65
DA:5,204
DA:9,176
DA:13,27
DA:17,26
DA:21,1
DA:25,36
LF:8
LH:8
BRDA:25,0,0,36
BRDA:25,0,1,22
BRF:2
BRH:2
end_of_record
TN:
SF:src\domain\robot.ts
FN:15,(anonymous_0)
FN:23,(anonymous_1)
FN:32,(anonymous_2)
FN:49,(anonymous_3)
FN:76,(anonymous_4)
FN:94,(anonymous_5)
FN:112,(anonymous_6)
FN:130,(anonymous_7)
FN:148,(anonymous_8)
FN:156,(anonymous_9)
FN:161,(anonymous_10)
FN:165,(anonymous_11)
FN:193,(anonymous_12)
FN:216,(anonymous_13)
FNF:14
FNH:14
FNDA:5,(anonymous_0)
FNDA:6,(anonymous_1)
FNDA:43,(anonymous_2)
FNDA:50,(anonymous_3)
FNDA:24,(anonymous_4)
FNDA:1,(anonymous_5)
FNDA:2,(anonymous_6)
FNDA:10,(anonymous_7)
FNDA:7,(anonymous_8)
FNDA:6,(anonymous_9)
FNDA:50,(anonymous_10)
FNDA:5,(anonymous_11)
FNDA:5,(anonymous_12)
FNDA:68,(anonymous_13)
DA:1,2
DA:3,2
DA:4,2
DA:5,2
DA:8,2
DA:15,5
DA:16,5
DA:17,5
DA:18,5
DA:19,5
DA:20,5
DA:24,6
DA:25,16
DA:26,16
DA:27,6
DA:33,43
DA:35,43
DA:37,5
DA:39,14
DA:41,14
DA:43,10
DA:45,0
DA:50,50
DA:51,0
DA:54,50
DA:56,24
DA:57,24
DA:59,1
DA:60,1
DA:62,2
DA:63,2
DA:65,10
DA:66,10
DA:68,7
DA:69,7
DA:71,6
DA:72,6
DA:77,24
DA:78,24
DA:80,2
DA:81,2
DA:83,8
DA:84,8
DA:86,8
DA:87,8
DA:89,6
DA:90,6
DA:95,1
DA:96,1
DA:98,0
DA:99,0
DA:101,1
DA:102,1
DA:104,0
DA:105,0
DA:107,0
DA:108,0
DA:113,2
DA:114,2
DA:116,0
DA:117,0
DA:119,0
DA:120,0
DA:122,0
DA:123,0
DA:125,2
DA:126,2
DA:131,10
DA:132,10
DA:134,1
DA:135,1
DA:137,4
DA:138,4
DA:140,4
DA:141,4
DA:143,1
DA:144,1
DA:149,7
DA:150,7
DA:151,7
DA:152,7
DA:157,6
DA:158,6
DA:162,50
DA:166,5
DA:167,5
DA:168,36
DA:169,2
DA:172,34
DA:173,6
DA:174,6
DA:175,6
DA:176,6
DA:181,34
DA:182,0
DA:185,34
DA:186,34
DA:187,34
DA:188,21
DA:202,5
DA:217,68
DA:218,68
LF:102
LH:87
BRDA:26,0,0,6
BRDA:35,1,0,5
BRDA:35,1,1,14
BRDA:35,1,2,14
BRDA:35,1,3,10
BRDA:35,1,4,0
BRDA:37,2,0,5
BRDA:37,2,1,3
BRDA:39,3,0,14
BRDA:39,3,1,10
BRDA:41,4,0,14
BRDA:41,4,1,10
BRDA:43,5,0,10
BRDA:43,5,1,8
BRDA:50,6,0,0
BRDA:54,7,0,24
BRDA:54,7,1,1
BRDA:54,7,2,2
BRDA:54,7,3,10
BRDA:54,7,4,7
BRDA:54,7,5,6
BRDA:78,8,0,2
BRDA:78,8,1,8
BRDA:78,8,2,8
BRDA:78,8,3,6
BRDA:96,9,0,0
BRDA:96,9,1,1
BRDA:96,9,2,0
BRDA:96,9,3,0
BRDA:114,10,0,0
BRDA:114,10,1,0
BRDA:114,10,2,0
BRDA:114,10,3,2
BRDA:132,11,0,1
BRDA:132,11,1,4
BRDA:132,11,2,4
BRDA:132,11,3,1
BRDA:151,12,0,7
BRDA:168,13,0,2
BRDA:168,14,0,36
BRDA:168,14,1,34
BRDA:172,15,0,6
BRDA:172,16,0,34
BRDA:172,16,1,14
BRDA:172,16,2,21
BRDA:175,17,0,6
BRDA:181,18,0,0
BRDA:181,19,0,34
BRDA:181,19,1,34
BRDA:187,20,0,21
BRDA:218,21,0,68
BRDA:218,21,1,68
BRDA:218,21,2,68
BRDA:218,21,3,68
BRF:54
BRH:45
end_of_record
TN:
SF:src\domain\terrain.ts
FN:6,(anonymous_0)
FN:10,(anonymous_1)
FN:18,(anonymous_2)
FN:26,(anonymous_3)
FN:30,(anonymous_4)
FNF:5
FNH:5
FNDA:9,(anonymous_0)
FNDA:49,(anonymous_1)
FNDA:36,(anonymous_2)
FNDA:83,(anonymous_3)
FNDA:83,(anonymous_4)
DA:3,3
DA:7,9
DA:11,49
DA:12,4
DA:15,45
DA:19,36
DA:20,36
DA:22,1
DA:27,83
DA:31,83
LF:10
LH:10
BRDA:11,0,0,4
BRDA:11,1,0,49
BRDA:11,1,1,48
BRDA:11,1,2,46
BRDA:11,1,3,46
BRF:5
BRH:5
end_of_record
